<?xml version="1.0" encoding="UTF-8"?>
<!-- Generated by org.testng.reporters.JUnitReportReporter -->
<testsuite hostname="MR-AHADUZZAMAN2" failures="0" tests="1" name="Test.Automation.AppiumBasic" time="12.434" errors="0" timestamp="2022-11-09T16:24:22 BDT" skipped="0">
  <testcase classname="Test.Automation.AppiumBasic" name="WifiSettingsName" time="12.434"/>
  <system-out/>
</testsuite> <!-- Test.Automation.AppiumBasic -->
