<?xml version="1.0" encoding="UTF-8"?>
<!-- Generated by org.testng.reporters.JUnitReportReporter -->
<testsuite hostname="MR-AHADUZZAMAN2" failures="0" tests="1" name="Test.Automation.DragDropDemo" time="10.068" errors="0" timestamp="2022-11-13T12:19:21 BDT" skipped="0">
  <testcase classname="Test.Automation.DragDropDemo" name="DragDropTest" time="10.068"/>
  <system-out/>
</testsuite> <!-- Test.Automation.DragDropDemo -->
