<?xml version="1.0" encoding="UTF-8"?>
<!-- Generated by org.testng.reporters.JUnitReportReporter -->
<testsuite hostname="MR-AHADUZZAMAN2" failures="0" tests="1" name="Test.Automation.MiscellaneousAppiumActions" time="19.114" errors="0" timestamp="2022-11-13T16:41:21 BDT" skipped="0">
  <testcase classname="Test.Automation.MiscellaneousAppiumActions" name="Misceallaneous" time="19.114"/>
  <system-out/>
</testsuite> <!-- Test.Automation.MiscellaneousAppiumActions -->
