<?xml version="1.0" encoding="UTF-8"?>
<!-- Generated by org.testng.reporters.JUnitReportReporter -->
<testsuite hostname="MR-AHADUZZAMAN2" failures="0" tests="1" name="Test.Automation.SwipeDemo" time="10.153" errors="0" timestamp="2022-11-10T14:56:26 BDT" skipped="0">
  <testcase classname="Test.Automation.SwipeDemo" name="SwipeDemoTest" time="10.153"/>
  <system-out/>
</testsuite> <!-- Test.Automation.SwipeDemo -->
