<?xml version="1.0" encoding="UTF-8"?>
<!-- Generated by org.testng.reporters.JUnitReportReporter -->
<testsuite hostname="MR-AHADUZZAMAN2" failures="0" tests="1" name="Test.Automation.ScrollDemo" time="4.951" errors="0" timestamp="2022-11-10T12:49:16 BDT" skipped="0">
  <testcase classname="Test.Automation.ScrollDemo" name="ScrollDemoTest" time="4.951"/>
  <system-out/>
</testsuite> <!-- Test.Automation.ScrollDemo -->
