<?xml version="1.0" encoding="UTF-8"?>
<!-- Generated by org.testng.reporters.JUnitReportReporter -->
<testsuite hostname="MR-AHADUZZAMAN2" failures="0" tests="1" name="Test.Automation.LongPress" time="13.562" errors="0" timestamp="2022-11-09T19:34:40 BDT" skipped="0">
  <testcase classname="Test.Automation.LongPress" name="LongPressGesture" time="13.562"/>
  <system-out/>
</testsuite> <!-- Test.Automation.LongPress -->
